<?xml version="1.0" encoding="UTF-8"?>
<!-- Generated by org.testng.reporters.JUnitXMLReporter -->
<testsuite ignored="0" hostname="LTLT000231" failures="0" tests="4" name="Test" time="47.521" errors="0" timestamp="2022-02-09T15:24:22 EET">
  <testcase classname="org.E2E.test.ValidatePageTitle" name="quickTest" time="3.405"/>
  <testcase classname="org.E2E.test.ValidatePageTitle" name="quickTest" time="3.074"/>
  <testcase classname="org.E2E.test.ValidateFeaturedTextHomePage" name="testText" time="0.06"/>
  <testcase classname="org.E2E.test.ValidateNavbar" name="testNavbar" time="0.064"/>
</testsuite> <!-- Test -->
