<?xml version="1.0" encoding="UTF-8"?>
<testng-results ignored="0" total="4" passed="4" failed="0" skipped="0">
  <reporter-output>
  </reporter-output>
  <suite started-at="2022-02-11T09:56:08 EET" name="Suite" finished-at="2022-02-11T09:56:43 EET" duration-ms="35041">
    <groups>
    </groups>
    <test started-at="2022-02-11T09:56:08 EET" name="Validating text in home page" finished-at="2022-02-11T09:56:26 EET" duration-ms="18536">
      <class name="org.E2E.test.ValidateFeaturedTextHomePage">
        <test-method is-config="true" signature="setUP()[pri:0, instance:org.E2E.test.ValidateFeaturedTextHomePage@2d35442b]" started-at="2022-02-11T09:56:08 EET" name="setUP" finished-at="2022-02-11T09:56:23 EET" duration-ms="15775" status="PASS">
          <reporter-output>
          </reporter-output>
        </test-method> <!-- setUP -->
        <test-method signature="testText()[pri:0, instance:org.E2E.test.ValidateFeaturedTextHomePage@2d35442b]" started-at="2022-02-11T09:56:23 EET" name="testText" finished-at="2022-02-11T09:56:24 EET" duration-ms="289" status="PASS">
          <reporter-output>
          </reporter-output>
        </test-method> <!-- testText -->
        <test-method is-config="true" signature="tearDown()[pri:0, instance:org.E2E.test.ValidateFeaturedTextHomePage@2d35442b]" started-at="2022-02-11T09:56:24 EET" name="tearDown" finished-at="2022-02-11T09:56:26 EET" duration-ms="2380" status="PASS">
          <reporter-output>
          </reporter-output>
        </test-method> <!-- tearDown -->
      </class> <!-- org.E2E.test.ValidateFeaturedTextHomePage -->
    </test> <!-- Validating text in home page -->
    <test started-at="2022-02-11T09:56:08 EET" name="Validating navbar in home page" finished-at="2022-02-11T09:56:27 EET" duration-ms="19525">
      <class name="org.E2E.test.ValidateNavbar">
        <test-method is-config="true" signature="setUP()[pri:0, instance:org.E2E.test.ValidateNavbar@22db8f4]" started-at="2022-02-11T09:56:08 EET" name="setUP" finished-at="2022-02-11T09:56:25 EET" duration-ms="16848" status="PASS">
          <reporter-output>
          </reporter-output>
        </test-method> <!-- setUP -->
        <test-method signature="testNavbar()[pri:0, instance:org.E2E.test.ValidateNavbar@22db8f4]" started-at="2022-02-11T09:56:25 EET" name="testNavbar" finished-at="2022-02-11T09:56:25 EET" duration-ms="402" status="PASS">
          <reporter-output>
          </reporter-output>
        </test-method> <!-- testNavbar -->
        <test-method is-config="true" signature="tearDown()[pri:0, instance:org.E2E.test.ValidateNavbar@22db8f4]" started-at="2022-02-11T09:56:25 EET" name="tearDown" finished-at="2022-02-11T09:56:27 EET" duration-ms="2233" status="PASS">
          <reporter-output>
          </reporter-output>
        </test-method> <!-- tearDown -->
      </class> <!-- org.E2E.test.ValidateNavbar -->
    </test> <!-- Validating navbar in home page -->
    <test started-at="2022-02-11T09:56:08 EET" name="Validating page title" finished-at="2022-02-11T09:56:43 EET" duration-ms="35041">
      <class name="org.E2E.test.ValidatePageTitle">
        <test-method is-config="true" signature="setUP()[pri:0, instance:org.E2E.test.ValidatePageTitle@fac80]" started-at="2022-02-11T09:56:08 EET" name="setUP" finished-at="2022-02-11T09:56:24 EET" duration-ms="16606" status="PASS">
          <reporter-output>
          </reporter-output>
        </test-method> <!-- setUP -->
        <test-method signature="quickTest(java.lang.String,java.lang.String)[pri:0, instance:org.E2E.test.ValidatePageTitle@fac80]" started-at="2022-02-11T09:56:24 EET" name="quickTest" data-provider="getData" finished-at="2022-02-11T09:56:28 EET" duration-ms="4014" status="PASS">
          <params>
            <param index="0">
              <value>
                <![CDATA[test@test.com]]>
              </value>
            </param>
            <param index="1">
              <value>
                <![CDATA[1234]]>
              </value>
            </param>
          </params>
          <reporter-output>
          </reporter-output>
        </test-method> <!-- quickTest -->
        <test-method is-config="true" signature="tearDown()[pri:0, instance:org.E2E.test.ValidatePageTitle@fac80]" started-at="2022-02-11T09:56:28 EET" name="tearDown" finished-at="2022-02-11T09:56:30 EET" duration-ms="1851" status="PASS">
          <reporter-output>
          </reporter-output>
        </test-method> <!-- tearDown -->
        <test-method is-config="true" signature="setUP()[pri:0, instance:org.E2E.test.ValidatePageTitle@fac80]" started-at="2022-02-11T09:56:30 EET" name="setUP" finished-at="2022-02-11T09:56:38 EET" duration-ms="7929" status="PASS">
          <reporter-output>
          </reporter-output>
        </test-method> <!-- setUP -->
        <test-method signature="quickTest(java.lang.String,java.lang.String)[pri:0, instance:org.E2E.test.ValidatePageTitle@fac80]" started-at="2022-02-11T09:56:38 EET" name="quickTest" data-provider="getData" finished-at="2022-02-11T09:56:41 EET" duration-ms="2917" status="PASS">
          <params>
            <param index="0">
              <value>
                <![CDATA[aut@aut.com]]>
              </value>
            </param>
            <param index="1">
              <value>
                <![CDATA[4321]]>
              </value>
            </param>
          </params>
          <reporter-output>
          </reporter-output>
        </test-method> <!-- quickTest -->
        <test-method is-config="true" signature="tearDown()[pri:0, instance:org.E2E.test.ValidatePageTitle@fac80]" started-at="2022-02-11T09:56:41 EET" name="tearDown" finished-at="2022-02-11T09:56:43 EET" duration-ms="1680" status="PASS">
          <reporter-output>
          </reporter-output>
        </test-method> <!-- tearDown -->
      </class> <!-- org.E2E.test.ValidatePageTitle -->
    </test> <!-- Validating page title -->
  </suite> <!-- Suite -->
</testng-results>
